[15:15:23] [main/INFO]: Loading Minecraft 1.17.1 with Fabric Loader 0.12.12
[15:15:23] [main/INFO]: Loading 90 mods:
	- advanced_runtime_resource_pack 0.4.3 via enhancedblockentities
	- betterf3 1.1.5
	- betterpingdisplay 1.1.1
	- bobby 2.1.0
	- cameraoverhaul 1.3.0-fabric-universal
	- chat_heads 0.3.3+1.17.1
	- citresewn 0.8.2+1.17.1
	- cloth-basic-math 0.6.0 via cloth-config2
	- cloth-config2 5.2.47
	- com_typesafe_config 1.4.1 via confabricate
	- confabricate 2.1.0-SNAPSHOT+4.1.1 via bobby
	- continuity 1.0.3+1.17
	- dynsfx 1.5.0+1.17+
	- enhancedblockentities 0.5+1.17
	- entityculling 1.3.3
	- fabric 0.45.2+1.17
	- fabric-api-base 0.4.0+cf39a74318 via bobby
	- fabric-api-lookup-api-v1 1.5.0+e821752d18 via fabric
	- fabric-biome-api-v1 3.2.2+cf39a74318 via fabric
	- fabric-blockrenderlayer-v1 1.1.6+cf39a74318 via fabric
	- fabric-command-api-v1 1.1.4+cf39a74318 via bobby
	- fabric-commands-v0 0.2.3+cf39a74318 via fabric
	- fabric-containers-v0 0.1.13+cf39a74318 via fabric
	- fabric-content-registries-v0 0.4.1+3447790d18 via fabric
	- fabric-crash-report-info-v1 0.1.6+cf39a74318 via fabric
	- fabric-dimensions-v1 2.0.15+b556f28c18 via fabric
	- fabric-entity-events-v1 1.4.1+377137cc18 via fabric
	- fabric-events-interaction-v0 0.4.12+e99fbe1218 via fabric
	- fabric-events-lifecycle-v0 0.2.4+cf39a74318 via fabric
	- fabric-game-rule-api-v1 1.0.8+cf39a74318 via fabric
	- fabric-item-api-v1 1.3.0+6617390918 via fabric
	- fabric-item-groups-v0 0.3.2+cf39a74318 via fabric
	- fabric-key-binding-api-v1 1.0.6+2a2bb57318 via fabric
	- fabric-keybindings-v0 0.2.4+cf39a74318 via fabric
	- fabric-lifecycle-events-v1 1.4.6+0392f3a618 via fabric
	- fabric-loot-tables-v1 1.0.5+cf39a74318 via fabric
	- fabric-mining-level-api-v1 1.0.3+cf39a74318 via fabric
	- fabric-mining-levels-v0 0.1.7+cf39a74318 via fabric
	- fabric-models-v0 0.3.1+cf39a74318 via fabric
	- fabric-networking-api-v1 1.0.14+cf39a74318 via fabric
	- fabric-networking-blockentity-v0 0.2.12+cf39a74318 via fabric
	- fabric-networking-v0 0.3.3+cf39a74318 via fabric
	- fabric-object-builder-api-v1 1.11.1+f907116918 via fabric
	- fabric-object-builders-v0 0.7.8+cf39a74318 via fabric
	- fabric-particles-v1 0.2.5+cf39a74318 via fabric
	- fabric-registry-sync-v0 0.8.0+ea29b33318 via fabric
	- fabric-renderer-api-v1 0.4.5+cf39a74318 via fabric
	- fabric-renderer-indigo 0.4.9+cf39a74318 via fabric
	- fabric-renderer-registries-v1 3.2.6+cf39a74318 via fabric
	- fabric-rendering-data-attachment-v1 0.1.6+cf39a74318 via fabric
	- fabric-rendering-fluids-v1 0.2.1+cf39a74318 via fabric
	- fabric-rendering-v0 1.1.7+cf39a74318 via fabric
	- fabric-rendering-v1 1.10.1+377137cc18 via fabric
	- fabric-resource-loader-v0 0.4.10+f09604ce18 via fabric
	- fabric-screen-api-v1 1.0.5+cf39a74318 via fabric
	- fabric-screen-handler-api-v1 1.1.9+cf39a74318 via fabric
	- fabric-structure-api-v1 1.1.15+cf39a74318 via fabric
	- fabric-tag-extensions-v0 1.2.3+cf39a74318 via fabric
	- fabric-textures-v0 1.0.7+cf39a74318 via fabric
	- fabric-tool-attribute-api-v1 1.3.3+3b96517518 via fabric
	- fabric-transfer-api-v1 1.5.4+cf39a74318 via fabric
	- fabricloader 0.12.12
	- firstperson 2.1.0
	- indium 1.0.1+mc1.17.1
	- io_leangen_geantyref_geantyref 1.3.11 via confabricate
	- iris 1.1.4
	- itemmodelfix 1.0.3+1.17
	- java 16
	- kirin 1.9.2-beta.1 via presencefootsteps
	- lambdynlights 2.1.0+1.17
	- libzoomer 0.3.0+1.17.1 via okzoomer
	- minecraft 1.17.1
	- modmenu 2.0.14
	- notenoughanimations 1.4.0
	- okzoomer 5.0.0-beta.3+1.17.1
	- org_anarres_jcpp 1.4.14 via iris
	- org_aperlambda_lambdajcommon 1.8.1 via spruceui
	- org_joml_joml 1.10.2 via sodium
	- org_quiltmc_quilt-json5 1.0.0 via okzoomer
	- org_slf4j_slf4j-api 1.7.12 via iris
	- org_spongepowered_configurate-core 4.1.1 via confabricate
	- org_spongepowered_configurate-extra-dfu4 4.1.1 via confabricate
	- org_spongepowered_configurate-gson 4.1.1 via confabricate
	- org_spongepowered_configurate-hocon 4.1.1 via confabricate
	- perspectivemod 0.0.5_01
	- presencefootsteps r35-1.17
	- pride 1.1.0+1.17 via lambdynlights
	- sodium 0.3.3+build.8
	- spruceui 3.3.0+1.17 via lambdynlights
	- transliterationlib 1.2.2
[15:15:23] [main/WARN]: Mod `dynsfx` (1.5.0+1.17+) does not respect SemVer - comparison support is limited.
[15:15:23] [main/WARN]: Mod `perspectivemod` (0.0.5_01) does not respect SemVer - comparison support is limited.
[15:15:23] [main/WARN]: Mod `presencefootsteps` (r35-1.17) does not respect SemVer - comparison support is limited.
[15:15:23] [main/INFO]: SpongePowered MIXIN Subsystem Version=0.8.4 Source=file:/C:/Users/paulb/curseforge/minecraft/Install/libraries/net/fabricmc/sponge-mixin/0.10.7+mixin.0.8.4/sponge-mixin-0.10.7+mixin.0.8.4.jar Service=Knot/Fabric Env=CLIENT
[15:15:23] [main/INFO]: Compatibility level set to JAVA_16
[15:15:23] [main/INFO]: Loaded configuration file for Sodium: 29 options available, 1 override(s) found
[15:15:23] [main/WARN]: Error loading class: ca/spottedleaf/starlight/common/light/StarLightInterface$1 (java.lang.ClassNotFoundException: ca/spottedleaf/starlight/common/light/StarLightInterface$1)
[15:15:23] [main/WARN]: @Mixin target ca.spottedleaf.starlight.common.light.StarLightInterface$1 was not found bobby.mixins.json:ChunkLightProviderMixin
[15:15:23] [main/WARN]: Error loading class: ca/spottedleaf/starlight/common/light/StarLightInterface$2 (java.lang.ClassNotFoundException: ca/spottedleaf/starlight/common/light/StarLightInterface$2)
[15:15:23] [main/WARN]: @Mixin target ca.spottedleaf.starlight.common.light.StarLightInterface$2 was not found bobby.mixins.json:ChunkLightProviderMixin
[15:15:23] [main/INFO]: Using modern mixin 'mirsario.cameraoverhaul.fabric.mixins.modern.CameraMixin'.
[15:15:23] [main/INFO]: Using modern mixin 'mirsario.cameraoverhaul.fabric.mixins.modern.GameRendererMixin'.
[15:15:23] [main/INFO]: Skipping legacy mixin 'mirsario.cameraoverhaul.fabric.mixins.legacy.LegacyCameraMixin'.
[15:15:23] [main/WARN]: Error loading class: grondag/canvas/terrain/region/input/InputRegion (java.lang.ClassNotFoundException: grondag/canvas/terrain/region/input/InputRegion)
[15:15:24] [main/WARN]: Force-disabling mixin 'features.sky.MixinWorldRenderer' as rule 'mixin.features.sky' (added by mods [iris]) disables it and children
[15:15:24] [main/WARN]: Error loading class: ca/spottedleaf/starlight/common/light/StarLightInterface$1 (java.lang.ClassNotFoundException: ca/spottedleaf/starlight/common/light/StarLightInterface$1)
[15:15:24] [main/WARN]: Error loading class: ca/spottedleaf/starlight/common/light/StarLightInterface$2 (java.lang.ClassNotFoundException: ca/spottedleaf/starlight/common/light/StarLightInterface$2)
[15:15:24] [main/WARN]: Error loading class: ca/spottedleaf/starlight/common/light/StarLightInterface$1 (java.lang.ClassNotFoundException: ca/spottedleaf/starlight/common/light/StarLightInterface$1)
[15:15:24] [main/WARN]: Error loading class: ca/spottedleaf/starlight/common/light/StarLightInterface$2 (java.lang.ClassNotFoundException: ca/spottedleaf/starlight/common/light/StarLightInterface$2)
[15:15:24] [main/INFO]: I used the json to destroy the json
[15:15:24] [main/INFO]: Trying to switch memory allocators to work around memory leaks present with Jemalloc 5.0.0 through 5.2.0 on Windows
[15:15:29] [Render thread/WARN]: Method overwrite conflict for method_22920 in sodium.mixins.json:features.buffer_builder.intrinsics.MixinBufferBuilder, previously written by net.coderbot.iris.mixin.vertices.block_rendering.MixinBufferBuilder_SeparateAo. Skipping method.
[15:15:29] [Render thread/INFO]: Environment: authHost='https://authserver.mojang.com', accountsHost='https://api.mojang.com', sessionHost='https://sessionserver.mojang.com', servicesHost='https://api.minecraftservices.com', name='PROD'
[15:15:31] [Render thread/INFO]: Setting user: Cynrid1
[15:15:31] [Render thread/INFO]: BetterPingDisplay mod loaded
[15:15:31] [Render thread/WARN]: @Inject(@At("INVOKE")) Shift.BY=3 on fabric-lifecycle-events-v1.mixins.json:client.WorldChunkMixin::handler$zgm000$onLoadBlockEntity exceeds the maximum allowed value: 0. Increase the value of maxShiftBy to suppress this warning.
[15:15:31] [Render thread/INFO]: [STDOUT]: Loading FirstPerson Mod
[15:15:31] [Render thread/INFO]: [STDOUT]: Loading TRansliterationLib
[15:15:31] [Render thread/INFO]: [STDOUT]: Loaded TRansliterationLib
[15:15:31] [Render thread/INFO]: [BetterF3] Loading...
[15:15:31] [Render thread/INFO]: [BetterF3] All done!
[15:15:32] [Render thread/INFO]: CameraOverhaul - CameraSystem is ready.
[15:15:32] [Render thread/INFO]: [Indigo] Different rendering plugin detected; not applying Indigo.
[15:15:32] [Render thread/INFO]: [LambDynLights] Initializing LambDynamicLights...
[15:15:32] [Render thread/INFO]: [LambDynLights] Configuration loaded.
[15:15:32] [Render thread/WARN]: WARNING! Mod kirin is only using deprecated 'modmenu:clientsideOnly' custom value! This is no longer needed and will be removed in 1.18 snapshots.
[15:15:32] [Render thread/WARN]: WARNING! Mod kirin is only using deprecated 'modmenu:api' custom value! This will be removed in 1.18 snapshots, so ask the author of this mod to support the new API.
[15:15:33] [Render thread/INFO]: Backend library: LWJGL version 3.2.2 build 10
[15:15:34] [Render thread/INFO]: Shaders are disabled because no valid shaderpack is selected
[15:15:34] [Render thread/INFO]: Shaders are disabled
[15:15:34] [Render thread/INFO]: [STDERR]: org.objectweb.asm.tree.analysis.AnalyzerException: Error at instruction 108: Insufficient maximum stack size.
[15:15:34] [Render thread/INFO]: [STDERR]: 	at org.objectweb.asm.tree.analysis.Analyzer.analyze(Analyzer.java:296)
[15:15:34] [Render thread/INFO]: [STDERR]: 	at org.spongepowered.asm.util.Locals.generateLocalVariableTable(Locals.java:859)
[15:15:34] [Render thread/INFO]: [STDERR]: 	at org.spongepowered.asm.util.Locals.getGeneratedLocalVariableTable(Locals.java:828)
[15:15:34] [Render thread/INFO]: [STDERR]: 	at org.spongepowered.asm.util.Locals.getLocalVariableAt(Locals.java:782)
[15:15:34] [Render thread/INFO]: [STDERR]: 	at org.spongepowered.asm.util.Locals.getLocalVariableAt(Locals.java:752)
[15:15:34] [Render thread/INFO]: [STDERR]: 	at org.spongepowered.asm.util.Locals.getLocalsAt_0_9_2(Locals.java:696)
[15:15:34] [Render thread/INFO]: [STDERR]: 	at org.spongepowered.asm.util.Locals.getLocalsAt(Locals.java:338)
[15:15:34] [Render thread/INFO]: [STDERR]: 	at org.spongepowered.asm.mixin.injection.modify.LocalVariableDiscriminator$Context.initLocals(LocalVariableDiscriminator.java:154)
[15:15:34] [Render thread/INFO]: [STDERR]: 	at org.spongepowered.asm.mixin.injection.modify.LocalVariableDiscriminator$Context.<init>(LocalVariableDiscriminator.java:148)
[15:15:34] [Render thread/INFO]: [STDERR]: 	at org.spongepowered.asm.mixin.injection.modify.ModifyVariableInjector$Context.<init>(ModifyVariableInjector.java:71)
[15:15:34] [Render thread/INFO]: [STDERR]: 	at org.spongepowered.asm.mixin.injection.modify.ModifyVariableInjector.preInject(ModifyVariableInjector.java:159)
[15:15:34] [Render thread/INFO]: [STDERR]: 	at org.spongepowered.asm.mixin.injection.code.Injector.preInject(Injector.java:258)
[15:15:34] [Render thread/INFO]: [STDERR]: 	at org.spongepowered.asm.mixin.injection.struct.InjectionInfo.preInject(InjectionInfo.java:436)
[15:15:34] [Render thread/INFO]: [STDERR]: 	at org.spongepowered.asm.mixin.transformer.MixinTargetContext.applyInjections(MixinTargetContext.java:1367)
[15:15:34] [Render thread/INFO]: [STDERR]: 	at org.spongepowered.asm.mixin.transformer.MixinApplicatorStandard.applyInjections(MixinApplicatorStandard.java:1052)
[15:15:34] [Render thread/INFO]: [STDERR]: 	at org.spongepowered.asm.mixin.transformer.MixinApplicatorStandard.applyMixin(MixinApplicatorStandard.java:400)
[15:15:34] [Render thread/INFO]: [STDERR]: 	at org.spongepowered.asm.mixin.transformer.MixinApplicatorStandard.apply(MixinApplicatorStandard.java:325)
[15:15:34] [Render thread/INFO]: [STDERR]: 	at org.spongepowered.asm.mixin.transformer.TargetClassContext.apply(TargetClassContext.java:421)
[15:15:34] [Render thread/INFO]: [STDERR]: 	at org.spongepowered.asm.mixin.transformer.TargetClassContext.applyMixins(TargetClassContext.java:403)
[15:15:34] [Render thread/INFO]: [STDERR]: 	at org.spongepowered.asm.mixin.transformer.MixinProcessor.applyMixins(MixinProcessor.java:363)
[15:15:34] [Render thread/INFO]: [STDERR]: 	at org.spongepowered.asm.mixin.transformer.MixinTransformer.transformClass(MixinTransformer.java:234)
[15:15:34] [Render thread/INFO]: [STDERR]: 	at org.spongepowered.asm.mixin.transformer.MixinTransformer.transformClassBytes(MixinTransformer.java:202)
[15:15:34] [Render thread/INFO]: [STDERR]: 	at net.fabricmc.loader.impl.launch.knot.KnotClassDelegate.getPostMixinClassByteArray(KnotClassDelegate.java:247)
[15:15:34] [Render thread/INFO]: [STDERR]: 	at net.fabricmc.loader.impl.launch.knot.KnotClassDelegate.tryLoadClass(KnotClassDelegate.java:150)
[15:15:34] [Render thread/INFO]: [STDERR]: 	at net.fabricmc.loader.impl.launch.knot.KnotClassLoader.loadClass(KnotClassLoader.java:155)
[15:15:34] [Render thread/INFO]: [STDERR]: 	at java.base/java.lang.ClassLoader.loadClass(ClassLoader.java:519)
[15:15:34] [Render thread/INFO]: [STDERR]: 	at net.minecraft.class_310.<init>(class_310.java:504)
[15:15:34] [Render thread/INFO]: [STDERR]: 	at net.minecraft.client.main.Main.main(Main.java:179)
[15:15:34] [Render thread/INFO]: [STDERR]: 	at java.base/jdk.internal.reflect.NativeMethodAccessorImpl.invoke0(Native Method)
[15:15:34] [Render thread/INFO]: [STDERR]: 	at java.base/jdk.internal.reflect.NativeMethodAccessorImpl.invoke(NativeMethodAccessorImpl.java:78)
[15:15:34] [Render thread/INFO]: [STDERR]: 	at java.base/jdk.internal.reflect.DelegatingMethodAccessorImpl.invoke(DelegatingMethodAccessorImpl.java:43)
[15:15:34] [Render thread/INFO]: [STDERR]: 	at java.base/java.lang.reflect.Method.invoke(Method.java:567)
[15:15:34] [Render thread/INFO]: [STDERR]: 	at net.fabricmc.loader.impl.game.minecraft.MinecraftGameProvider.launch(MinecraftGameProvider.java:608)
[15:15:34] [Render thread/INFO]: [STDERR]: 	at net.fabricmc.loader.impl.launch.knot.Knot.launch(Knot.java:77)
[15:15:34] [Render thread/INFO]: [STDERR]: 	at net.fabricmc.loader.impl.launch.knot.KnotClient.main(KnotClient.java:23)
[15:15:34] [Render thread/INFO]: [STDERR]: Caused by: java.lang.IndexOutOfBoundsException: Insufficient maximum stack size.
[15:15:34] [Render thread/INFO]: [STDERR]: 	at org.objectweb.asm.tree.analysis.Frame.push(Frame.java:273)
[15:15:34] [Render thread/INFO]: [STDERR]: 	at org.objectweb.asm.tree.analysis.Frame.execute(Frame.java:319)
[15:15:34] [Render thread/INFO]: [STDERR]: 	at org.objectweb.asm.tree.analysis.Analyzer.analyze(Analyzer.java:188)
[15:15:34] [Render thread/INFO]: [STDERR]: 	... 34 more
[15:15:34] [Render thread/INFO]: Hardware information:
[15:15:34] [Render thread/INFO]: CPU: 16x 11th Gen Intel(R) Core(TM) i7-11800H @ 2.30GHz
[15:15:34] [Render thread/INFO]: GPU: NVIDIA GeForce RTX 3060 Laptop GPU/PCIe/SSE2 (Supports OpenGL 3.2.0 NVIDIA 497.09)
[15:15:34] [Render thread/INFO]: OS: Windows 10 (10.0)
[15:15:35] [Render thread/WARN]: Method overwrite conflict for getNativeMemoryUsage in sodium.mixins.json:features.debug.MixinDebugHud, previously written by net.coderbot.iris.mixin.MixinDebugScreenOverlay. Skipping method.
[15:15:35] [Render thread/INFO]: Narrator library for x64 successfully loaded
[15:15:35] [Render thread/INFO]: Reloading ResourceManager: Default, Runtime Resource Packebe:pack, Fabric Mods (Runtime Resource Pack, BetterF3, Better Ping Display, Bobby, Camera Overhaul, Chat Heads, CITResewn, Cloth Config v5, Continuity, DynSFX, Enhanced Block Entities, EntityCulling-Fabric, Fabric API, Fabric API Base, Fabric API Lookup API (v1), Fabric Biome API (v1), Fabric BlockRenderLayer Registration (v1), Fabric Command API (v1), Fabric Commands (v0), Fabric Containers (v0), Fabric Content Registries (v0), Fabric Crash Report Info (v1), Fabric Dimensions API (v1), Fabric Entity Events (v1), Fabric Events Interaction (v0), Fabric Events Lifecycle (v0), Fabric Game Rule API (v1), Fabric Item API (v1), Fabric Item Groups (v0), Fabric Key Binding API (v1), Fabric Key Bindings (v0), Fabric Lifecycle Events (v1), Fabric Loot Tables (v1), Fabric Mining Level API (v1), Fabric Mining Levels (v0), Fabric Models (v0), Fabric Networking API (v1), Fabric Networking Block Entity (v0), Fabric Networking (v0), Fabric Object Builder API (v1), Fabric Object Builders (v0), Fabric Particles (v1), Fabric Registry Sync (v0), Fabric Renderer API (v1), Fabric Renderer - Indigo, Fabric Renderer Registries (v1), Fabric Rendering Data Attachment (v1), Fabric Rendering Fluids (v1), Fabric Rendering (v0), Fabric Rendering (v1), Fabric Resource Loader (v0), Fabric Screen API (v1), Fabric Screen Handler API (v1), Fabric Structure API (v1), Fabric Tag Extensions (v0), Fabric Textures (v0), Fabric Tool Attribute API (v1), Fabric Transfer API (v1), Fabric Loader, FirstpersonModel, Indium, Iris, Item Model Fix, LambDynamicLights, LibZoomer, Mod Menu, NotEnoughAnimations, Ok Zoomer, Perspective Mod Redux, Presence Footsteps, Pride Lib, Sodium, SpruceUI)
[15:15:35] [Render thread/INFO]: ARRP register - before vanilla
[15:15:35] [Render thread/INFO]: ARRP register - after vanilla
[15:15:35] [Render thread/INFO]: [Ok Zoomer] owO what's this
[15:15:35] [Worker-Main-15/INFO]: [citresewn] Parsing CITs...
[15:15:36] [Worker-Main-15/INFO]: [citresewn] No cit packs found.
[15:15:36] [UpdateChecker/INFO]: Detected versions: Installed r/35/1.17, Best r/35/1.17, Available r/40/1.18
[15:15:38] [Render thread/INFO]: 'language' is an unsupported metadata key!
[15:15:38] [Render thread/INFO]: OpenAL initialized.
[15:15:38] [Render thread/INFO]: Sound engine started
[15:15:38] [Render thread/INFO]: Created: 2048x1024x4 minecraft:textures/atlas/blocks.png-atlas
[15:15:38] [Render thread/INFO]: Created: 256x128x4 minecraft:textures/atlas/signs.png-atlas
[15:15:38] [Render thread/INFO]: Created: 1024x512x4 minecraft:textures/atlas/banner_patterns.png-atlas
[15:15:38] [Render thread/INFO]: Created: 1024x512x4 minecraft:textures/atlas/shield_patterns.png-atlas
[15:15:38] [Render thread/INFO]: Created: 256x256x4 minecraft:textures/atlas/chest.png-atlas
[15:15:38] [Render thread/INFO]: Created: 512x256x4 minecraft:textures/atlas/beds.png-atlas
[15:15:38] [Render thread/INFO]: Created: 512x256x4 minecraft:textures/atlas/shulker_boxes.png-atlas
[15:15:39] [Render thread/INFO]: Created: 256x256x0 minecraft:textures/atlas/particles.png-atlas
[15:15:39] [Render thread/INFO]: Created: 256x256x0 minecraft:textures/atlas/paintings.png-atlas
[15:15:39] [Render thread/INFO]: Created: 256x128x0 minecraft:textures/atlas/mob_effects.png-atlas
[15:15:39] [Render thread/INFO]: Skipping non-result value minecraft:lantern=UNASSIGNED
[15:15:39] [Render thread/INFO]: Skipping non-result value minecraft:soul_lantern=UNASSIGNED
[15:15:57] [Render thread/WARN]: Warning! Mod cloth-basic-math has a broken icon, loading default icon
[15:16:45] [Render thread/WARN]: Warning! Mod cloth-basic-math has a broken icon, loading default icon
[15:16:45] [Render thread/WARN]: Warning! Mod confabricate has a broken icon, loading default icon
[15:16:50] [CullThread/INFO]: [STDOUT]: Shutting down culling task!
[15:16:50] [Render thread/INFO]: Stopping!
[15:16:51] [Render thread/INFO]: closing rrp ebe:pack
